[2024-08-06 13:15:01] production.ERROR: The command "'/usr/bin/php' './vendor/bin/rr' 'get-binary' '-n' '--ansi'" failed.

Exit Code: 1(General error)

Working directory: /home/amit/Documents/DOA WEB/DOAWEB_backend

Output:
================


Error Output:
================
PHP Warning:  PHP Startup: mcrypt: Unable to initialize module
Module compiled with module API=20220829
PHP    compiled with module API=20230831
These options need to match
 in Unknown on line 0
Could not open input file: ./vendor/bin/rr
 {"exception":"[object] (Symfony\\Component\\Process\\Exception\\ProcessFailedException(code: 0): The command \"'/usr/bin/php' './vendor/bin/rr' 'get-binary' '-n' '--ansi'\" failed.

Exit Code: 1(General error)

Working directory: /home/amit/Documents/DOA WEB/DOAWEB_backend

Output:
================


Error Output:
================
PHP Warning:  PHP Startup: mcrypt: Unable to initialize module
Module compiled with module API=20220829
PHP    compiled with module API=20230831
These options need to match
 in Unknown on line 0
Could not open input file: ./vendor/bin/rr
 at /home/amit/Documents/DOA WEB/DOAWEB_backend/vendor/symfony/process/Process.php:270)
[stacktrace]
#0 /home/amit/Documents/DOA WEB/DOAWEB_backend/vendor/laravel/framework/src/Illuminate/Support/HigherOrderTapProxy.php(34): Symfony\\Component\\Process\\Process->mustRun()
#1 /home/amit/Documents/DOA WEB/DOAWEB_backend/vendor/laravel/octane/src/Commands/Concerns/InstallsRoadRunnerDependencies.php(170): Illuminate\\Support\\HigherOrderTapProxy->__call()
#2 /home/amit/Documents/DOA WEB/DOAWEB_backend/vendor/laravel/octane/src/Commands/Concerns/InstallsRoadRunnerDependencies.php(108): Laravel\\Octane\\Commands\\InstallCommand->downloadRoadRunnerBinary()
#3 /home/amit/Documents/DOA WEB/DOAWEB_backend/vendor/laravel/octane/src/Commands/InstallCommand.php(101): Laravel\\Octane\\Commands\\InstallCommand->ensureRoadRunnerBinaryIsInstalled()
#4 /home/amit/Documents/DOA WEB/DOAWEB_backend/vendor/laravel/octane/src/Commands/InstallCommand.php(42): Laravel\\Octane\\Commands\\InstallCommand->installRoadRunnerServer()
#5 /home/amit/Documents/DOA WEB/DOAWEB_backend/vendor/laravel/framework/src/Illuminate/Container/BoundMethod.php(36): Laravel\\Octane\\Commands\\InstallCommand->handle()
#6 /home/amit/Documents/DOA WEB/DOAWEB_backend/vendor/laravel/framework/src/Illuminate/Container/Util.php(41): Illuminate\\Container\\BoundMethod::Illuminate\\Container\\{closure}()
#7 /home/amit/Documents/DOA WEB/DOAWEB_backend/vendor/laravel/framework/src/Illuminate/Container/BoundMethod.php(93): Illuminate\\Container\\Util::unwrapIfClosure()
#8 /home/amit/Documents/DOA WEB/DOAWEB_backend/vendor/laravel/framework/src/Illuminate/Container/BoundMethod.php(35): Illuminate\\Container\\BoundMethod::callBoundMethod()
#9 /home/amit/Documents/DOA WEB/DOAWEB_backend/vendor/laravel/framework/src/Illuminate/Container/Container.php(661): Illuminate\\Container\\BoundMethod::call()
#10 /home/amit/Documents/DOA WEB/DOAWEB_backend/vendor/laravel/framework/src/Illuminate/Console/Command.php(183): Illuminate\\Container\\Container->call()
#11 /home/amit/Documents/DOA WEB/DOAWEB_backend/vendor/symfony/console/Command/Command.php(326): Illuminate\\Console\\Command->execute()
#12 /home/amit/Documents/DOA WEB/DOAWEB_backend/vendor/laravel/framework/src/Illuminate/Console/Command.php(152): Symfony\\Component\\Console\\Command\\Command->run()
#13 /home/amit/Documents/DOA WEB/DOAWEB_backend/vendor/symfony/console/Application.php(1078): Illuminate\\Console\\Command->run()
#14 /home/amit/Documents/DOA WEB/DOAWEB_backend/vendor/symfony/console/Application.php(324): Symfony\\Component\\Console\\Application->doRunCommand()
#15 /home/amit/Documents/DOA WEB/DOAWEB_backend/vendor/symfony/console/Application.php(175): Symfony\\Component\\Console\\Application->doRun()
#16 /home/amit/Documents/DOA WEB/DOAWEB_backend/vendor/laravel/framework/src/Illuminate/Console/Application.php(102): Symfony\\Component\\Console\\Application->run()
#17 /home/amit/Documents/DOA WEB/DOAWEB_backend/vendor/laravel/framework/src/Illuminate/Foundation/Console/Kernel.php(155): Illuminate\\Console\\Application->run()
#18 /home/amit/Documents/DOA WEB/DOAWEB_backend/artisan(35): Illuminate\\Foundation\\Console\\Kernel->handle()
#19 {main}
"} 
[2024-08-06 13:17:03] production.ERROR: The command "'/usr/bin/php' './vendor/bin/rr' 'get-binary' '-n' '--ansi'" failed.

Exit Code: 1(General error)

Working directory: /home/amit/Documents/DOA WEB/DOAWEB_backend

Output:
================


Error Output:
================
PHP Warning:  PHP Startup: mcrypt: Unable to initialize module
Module compiled with module API=20220829
PHP    compiled with module API=20230831
These options need to match
 in Unknown on line 0
Could not open input file: ./vendor/bin/rr
 {"exception":"[object] (Symfony\\Component\\Process\\Exception\\ProcessFailedException(code: 0): The command \"'/usr/bin/php' './vendor/bin/rr' 'get-binary' '-n' '--ansi'\" failed.

Exit Code: 1(General error)

Working directory: /home/amit/Documents/DOA WEB/DOAWEB_backend

Output:
================


Error Output:
================
PHP Warning:  PHP Startup: mcrypt: Unable to initialize module
Module compiled with module API=20220829
PHP    compiled with module API=20230831
These options need to match
 in Unknown on line 0
Could not open input file: ./vendor/bin/rr
 at /home/amit/Documents/DOA WEB/DOAWEB_backend/vendor/symfony/process/Process.php:270)
[stacktrace]
#0 /home/amit/Documents/DOA WEB/DOAWEB_backend/vendor/laravel/framework/src/Illuminate/Support/HigherOrderTapProxy.php(34): Symfony\\Component\\Process\\Process->mustRun()
#1 /home/amit/Documents/DOA WEB/DOAWEB_backend/vendor/laravel/octane/src/Commands/Concerns/InstallsRoadRunnerDependencies.php(170): Illuminate\\Support\\HigherOrderTapProxy->__call()
#2 /home/amit/Documents/DOA WEB/DOAWEB_backend/vendor/laravel/octane/src/Commands/Concerns/InstallsRoadRunnerDependencies.php(108): Laravel\\Octane\\Commands\\InstallCommand->downloadRoadRunnerBinary()
#3 /home/amit/Documents/DOA WEB/DOAWEB_backend/vendor/laravel/octane/src/Commands/InstallCommand.php(101): Laravel\\Octane\\Commands\\InstallCommand->ensureRoadRunnerBinaryIsInstalled()
#4 /home/amit/Documents/DOA WEB/DOAWEB_backend/vendor/laravel/octane/src/Commands/InstallCommand.php(42): Laravel\\Octane\\Commands\\InstallCommand->installRoadRunnerServer()
#5 /home/amit/Documents/DOA WEB/DOAWEB_backend/vendor/laravel/framework/src/Illuminate/Container/BoundMethod.php(36): Laravel\\Octane\\Commands\\InstallCommand->handle()
#6 /home/amit/Documents/DOA WEB/DOAWEB_backend/vendor/laravel/framework/src/Illuminate/Container/Util.php(41): Illuminate\\Container\\BoundMethod::Illuminate\\Container\\{closure}()
#7 /home/amit/Documents/DOA WEB/DOAWEB_backend/vendor/laravel/framework/src/Illuminate/Container/BoundMethod.php(93): Illuminate\\Container\\Util::unwrapIfClosure()
#8 /home/amit/Documents/DOA WEB/DOAWEB_backend/vendor/laravel/framework/src/Illuminate/Container/BoundMethod.php(35): Illuminate\\Container\\BoundMethod::callBoundMethod()
#9 /home/amit/Documents/DOA WEB/DOAWEB_backend/vendor/laravel/framework/src/Illuminate/Container/Container.php(661): Illuminate\\Container\\BoundMethod::call()
#10 /home/amit/Documents/DOA WEB/DOAWEB_backend/vendor/laravel/framework/src/Illuminate/Console/Command.php(183): Illuminate\\Container\\Container->call()
#11 /home/amit/Documents/DOA WEB/DOAWEB_backend/vendor/symfony/console/Command/Command.php(326): Illuminate\\Console\\Command->execute()
#12 /home/amit/Documents/DOA WEB/DOAWEB_backend/vendor/laravel/framework/src/Illuminate/Console/Command.php(152): Symfony\\Component\\Console\\Command\\Command->run()
#13 /home/amit/Documents/DOA WEB/DOAWEB_backend/vendor/symfony/console/Application.php(1078): Illuminate\\Console\\Command->run()
#14 /home/amit/Documents/DOA WEB/DOAWEB_backend/vendor/symfony/console/Application.php(324): Symfony\\Component\\Console\\Application->doRunCommand()
#15 /home/amit/Documents/DOA WEB/DOAWEB_backend/vendor/symfony/console/Application.php(175): Symfony\\Component\\Console\\Application->doRun()
#16 /home/amit/Documents/DOA WEB/DOAWEB_backend/vendor/laravel/framework/src/Illuminate/Console/Application.php(102): Symfony\\Component\\Console\\Application->run()
#17 /home/amit/Documents/DOA WEB/DOAWEB_backend/vendor/laravel/framework/src/Illuminate/Foundation/Console/Kernel.php(155): Illuminate\\Console\\Application->run()
#18 /home/amit/Documents/DOA WEB/DOAWEB_backend/artisan(35): Illuminate\\Foundation\\Console\\Kernel->handle()
#19 {main}
"} 
[2024-08-06 13:19:38] production.ERROR: Command "octane:statrt" is not defined.

Did you mean one of these?
    migrate:status
    octane:install
    octane:reload
    octane:start
    octane:status
    octane:stop {"exception":"[object] (Symfony\\Component\\Console\\Exception\\CommandNotFoundException(code: 0): Command \"octane:statrt\" is not defined.

Did you mean one of these?
    migrate:status
    octane:install
    octane:reload
    octane:start
    octane:status
    octane:stop at /home/amit/Documents/DOA WEB/DOAWEB_backend/vendor/symfony/console/Application.php:737)
[stacktrace]
#0 /home/amit/Documents/DOA WEB/DOAWEB_backend/vendor/symfony/console/Application.php(266): Symfony\\Component\\Console\\Application->find()
#1 /home/amit/Documents/DOA WEB/DOAWEB_backend/vendor/symfony/console/Application.php(175): Symfony\\Component\\Console\\Application->doRun()
#2 /home/amit/Documents/DOA WEB/DOAWEB_backend/vendor/laravel/framework/src/Illuminate/Console/Application.php(102): Symfony\\Component\\Console\\Application->run()
#3 /home/amit/Documents/DOA WEB/DOAWEB_backend/vendor/laravel/framework/src/Illuminate/Foundation/Console/Kernel.php(155): Illuminate\\Console\\Application->run()
#4 /home/amit/Documents/DOA WEB/DOAWEB_backend/artisan(35): Illuminate\\Foundation\\Console\\Kernel->handle()
#5 {main}
"} 
